[2021-04-26T20:37:08.268103+00:00] app.INFO: Product added: 123-456-1 {"supplier":"supplier1"} []
[2021-04-26T20:37:08.268700+00:00] app.INFO: Product added: 123-456-2 {"supplier":"supplier1"} []
[2021-04-26T20:37:08.268726+00:00] app.INFO: Product added: 123-456-3 {"supplier":"supplier1"} []
[2021-04-26T20:37:08.268744+00:00] app.INFO: Product added: 123-456-4 {"supplier":"supplier1"} []
[2021-04-26T20:37:08.268760+00:00] app.INFO: Product added: 123-456-5 {"supplier":"supplier1"} []
[2021-04-26T20:37:08.268777+00:00] app.INFO: Product added: 123-456-6 {"supplier":"supplier1"} []
[2021-04-26T20:37:08.268793+00:00] app.INFO: Product added: 123-456-7 {"supplier":"supplier1"} []
[2021-04-26T20:37:08.268808+00:00] app.INFO: Product added: 123-456-8 {"supplier":"supplier1"} []
[2021-04-26T20:37:53.927712+00:00] console.ERROR: Error thrown while running command "'div:' supplier3". Message: "Warning: Array to string conversion" {"exception":"[object] (ErrorException(code: 0): Warning: Array to string conversion at /usr/src/app/src/Listener/ProductsListener.php:27)","command":"'div:' supplier3","message":"Warning: Array to string conversion"} []
[2021-04-26T20:38:44.103926+00:00] console.ERROR: Error thrown while running command "'div:' supplier3". Message: "Warning: Array to string conversion" {"exception":"[object] (ErrorException(code: 0): Warning: Array to string conversion at /usr/src/app/src/Listener/ProductsListener.php:27)","command":"'div:' supplier3","message":"Warning: Array to string conversion"} []
[2021-04-26T20:38:46.176642+00:00] console.ERROR: Error thrown while running command "'div:' supplier3". Message: "Warning: Array to string conversion" {"exception":"[object] (ErrorException(code: 0): Warning: Array to string conversion at /usr/src/app/src/Listener/ProductsListener.php:27)","command":"'div:' supplier3","message":"Warning: Array to string conversion"} []
[2021-04-26T20:38:52.855881+00:00] console.ERROR: Error thrown while running command "'div:' supplier3". Message: "Warning: Array to string conversion" {"exception":"[object] (ErrorException(code: 0): Warning: Array to string conversion at /usr/src/app/src/Listener/ProductsListener.php:27)","command":"'div:' supplier3","message":"Warning: Array to string conversion"} []
[2021-04-26T20:39:55.323527+00:00] console.ERROR: Error thrown while running command "'div:' supplier3". Message: "Warning: Array to string conversion" {"exception":"[object] (ErrorException(code: 0): Warning: Array to string conversion at /usr/src/app/src/Listener/ProductsListener.php:27)","command":"'div:' supplier3","message":"Warning: Array to string conversion"} []
[2021-04-26T20:40:36.198928+00:00] app.INFO: Product added: 999-ABC-DEF-1 {"supplier":"supplier3"} []
[2021-04-26T20:40:36.199542+00:00] app.INFO: Product added: 999-ABC-DEF-2 {"supplier":"supplier3"} []
[2021-04-26T20:40:36.199581+00:00] app.INFO: Product added: 999-ABC-DEF-3 {"supplier":"supplier3"} []
[2021-04-26T20:40:58.545711+00:00] app.INFO: Product added: 999-ABC-DEF-1 {"supplier":"supplier3"} []
[2021-04-26T20:40:58.546301+00:00] app.INFO: Product added: 999-ABC-DEF-2 {"supplier":"supplier3"} []
[2021-04-26T20:40:58.546325+00:00] app.INFO: Product added: 999-ABC-DEF-3 {"supplier":"supplier3"} []
[2021-04-26T20:43:38.688550+00:00] app.INFO: Product added: 999-ABC-DEF-1 {"supplier":"supplier3"} []
[2021-04-26T20:43:38.689288+00:00] app.INFO: Product added: 999-ABC-DEF-2 {"supplier":"supplier3"} []
[2021-04-26T20:43:38.689334+00:00] app.INFO: Product added: 999-ABC-DEF-3 {"supplier":"supplier3"} []
[2021-04-26T20:43:55.045452+00:00] app.INFO: Product added: 999-ABC-DEF-1 {"supplier":"supplier3"} []
[2021-04-26T20:43:55.045542+00:00] app.INFO: Product added: 999-ABC-DEF-2 {"supplier":"supplier3"} []
[2021-04-26T20:43:55.045568+00:00] app.INFO: Product added: 999-ABC-DEF-3 {"supplier":"supplier3"} []
[2021-04-26T20:46:34.029816+00:00] app.INFO: Product added: 999-ABC-DEF-1 {"supplier":"supplier3"} []
[2021-04-26T20:46:34.029905+00:00] app.INFO: Product added: 999-ABC-DEF-2 {"supplier":"supplier3"} []
[2021-04-26T20:46:34.029930+00:00] app.INFO: Product added: 999-ABC-DEF-3 {"supplier":"supplier3"} []
[2021-04-26T20:50:02.957545+00:00] app.INFO: Product added: 999-ABC-DEF-1 {"supplier":"supplier3"} []
[2021-04-26T20:50:02.957632+00:00] app.INFO: Product added: 999-ABC-DEF-2 {"supplier":"supplier3"} []
[2021-04-26T20:50:02.957657+00:00] app.INFO: Product added: 999-ABC-DEF-3 {"supplier":"supplier3"} []
[2021-04-26T20:52:16.637905+00:00] app.INFO: Product added: 999-ABC-DEF-1 {"supplier":"supplier3"} []
[2021-04-26T20:52:16.638018+00:00] app.INFO: Product added: 999-ABC-DEF-2 {"supplier":"supplier3"} []
[2021-04-26T20:52:16.638044+00:00] app.INFO: Product added: 999-ABC-DEF-3 {"supplier":"supplier3"} []
[2021-04-26T20:53:34.731416+00:00] console.ERROR: Error thrown while running command "'div:' supplier3". Message: "Typed property App\Supplier\Factory::$eventDispatcher must not be accessed before initialization" {"exception":"[object] (Error(code: 0): Typed property App\\Supplier\\Factory::$eventDispatcher must not be accessed before initialization at /usr/src/app/src/Supplier/Factory.php:31)","command":"'div:' supplier3","message":"Typed property App\\Supplier\\Factory::$eventDispatcher must not be accessed before initialization"} []
[2021-04-26T20:54:04.487890+00:00] app.INFO: Product added: 999-ABC-DEF-1 {"supplier":"supplier3"} []
[2021-04-26T20:54:04.487977+00:00] app.INFO: Product added: 999-ABC-DEF-2 {"supplier":"supplier3"} []
[2021-04-26T20:54:04.488002+00:00] app.INFO: Product added: 999-ABC-DEF-3 {"supplier":"supplier3"} []
[2021-04-26T20:54:10.628328+00:00] console.ERROR: Error thrown while running command "'div:' supplier3". Message: "Warning: Undefined variable $suppliersLogger" {"exception":"[object] (ErrorException(code: 0): Warning: Undefined variable $suppliersLogger at /usr/src/app/src/Supplier/Factory.php:33)","command":"'div:' supplier3","message":"Warning: Undefined variable $suppliersLogger"} []
[2021-04-26T20:54:28.380891+00:00] app.INFO: Product added: 999-ABC-DEF-1 {"supplier":"supplier3"} []
[2021-04-26T20:54:28.380982+00:00] app.INFO: Product added: 999-ABC-DEF-2 {"supplier":"supplier3"} []
[2021-04-26T20:54:28.381008+00:00] app.INFO: Product added: 999-ABC-DEF-3 {"supplier":"supplier3"} []
[2021-04-26T20:56:34.538294+00:00] app.INFO: Product added: 123-456-1 {"supplier":"supplier1"} []
[2021-04-26T20:56:34.538382+00:00] app.INFO: Product added: 123-456-2 {"supplier":"supplier1"} []
[2021-04-26T20:56:34.538406+00:00] app.INFO: Product added: 123-456-3 {"supplier":"supplier1"} []
[2021-04-26T20:56:34.538425+00:00] app.INFO: Product added: 123-456-4 {"supplier":"supplier1"} []
[2021-04-26T20:56:34.538442+00:00] app.INFO: Product added: 123-456-5 {"supplier":"supplier1"} []
[2021-04-26T20:56:34.538459+00:00] app.INFO: Product added: 123-456-6 {"supplier":"supplier1"} []
[2021-04-26T20:56:34.538476+00:00] app.INFO: Product added: 123-456-7 {"supplier":"supplier1"} []
[2021-04-26T20:56:34.538493+00:00] app.INFO: Product added: 123-456-8 {"supplier":"supplier1"} []
[2021-04-26T20:58:37.556532+00:00] app.INFO: Product added: CC-123-456-1 {"supplier":"supplier2"} []
[2021-04-26T20:58:37.556630+00:00] app.INFO: Product added: CC-123-456-2 {"supplier":"supplier2"} []
[2021-04-26T20:58:37.556660+00:00] app.INFO: Product added: CC-123-456-3 {"supplier":"supplier2"} []
[2021-04-26T20:58:37.556681+00:00] app.INFO: Product added: CC-123-456-4 {"supplier":"supplier2"} []
[2021-04-26T20:58:37.556706+00:00] app.INFO: Product added: CC-123-456-5 {"supplier":"supplier2"} []
[2021-04-26T20:58:37.556726+00:00] app.INFO: Product added: CC-123-456-6 {"supplier":"supplier2"} []
[2021-04-26T20:58:37.556746+00:00] app.INFO: Product added: CC-123-456-7 {"supplier":"supplier2"} []
[2021-04-26T20:58:37.556764+00:00] app.INFO: Product added: CC-123-456-8 {"supplier":"supplier2"} []
[2021-04-26T21:02:20.935159+00:00] app.INFO: Product added: CC-123-456-1 {"supplier":"supplier2"} []
[2021-04-26T21:02:20.935251+00:00] app.INFO: Product added: CC-123-456-2 {"supplier":"supplier2"} []
[2021-04-26T21:02:20.935277+00:00] app.INFO: Product added: CC-123-456-3 {"supplier":"supplier2"} []
[2021-04-26T21:02:20.935301+00:00] app.INFO: Product added: CC-123-456-4 {"supplier":"supplier2"} []
[2021-04-26T21:02:20.935322+00:00] app.INFO: Product added: CC-123-456-5 {"supplier":"supplier2"} []
[2021-04-26T21:02:20.935340+00:00] app.INFO: Product added: CC-123-456-6 {"supplier":"supplier2"} []
[2021-04-26T21:02:20.935357+00:00] app.INFO: Product added: CC-123-456-7 {"supplier":"supplier2"} []
[2021-04-26T21:02:20.935373+00:00] app.INFO: Product added: CC-123-456-8 {"supplier":"supplier2"} []
[2021-04-26T21:04:36.980429+00:00] app.INFO: Product added: CC-123-456-1 {"supplier":"supplier2"} []
[2021-04-26T21:04:36.980519+00:00] app.INFO: Product added: CC-123-456-2 {"supplier":"supplier2"} []
[2021-04-26T21:04:36.980544+00:00] app.INFO: Product added: CC-123-456-3 {"supplier":"supplier2"} []
[2021-04-26T21:04:36.980564+00:00] app.INFO: Product added: CC-123-456-4 {"supplier":"supplier2"} []
[2021-04-26T21:04:36.980581+00:00] app.INFO: Product added: CC-123-456-5 {"supplier":"supplier2"} []
[2021-04-26T21:04:36.980599+00:00] app.INFO: Product added: CC-123-456-6 {"supplier":"supplier2"} []
[2021-04-26T21:04:36.980615+00:00] app.INFO: Product added: CC-123-456-7 {"supplier":"supplier2"} []
[2021-04-26T21:04:36.980632+00:00] app.INFO: Product added: CC-123-456-8 {"supplier":"supplier2"} []
[2021-04-26T21:04:38.992027+00:00] app.INFO: Product added: 123-456-1 {"supplier":"supplier1"} []
[2021-04-26T21:04:38.992658+00:00] app.INFO: Product added: 123-456-2 {"supplier":"supplier1"} []
[2021-04-26T21:04:38.992685+00:00] app.INFO: Product added: 123-456-3 {"supplier":"supplier1"} []
[2021-04-26T21:04:38.992704+00:00] app.INFO: Product added: 123-456-4 {"supplier":"supplier1"} []
[2021-04-26T21:04:38.992723+00:00] app.INFO: Product added: 123-456-5 {"supplier":"supplier1"} []
[2021-04-26T21:04:38.992740+00:00] app.INFO: Product added: 123-456-6 {"supplier":"supplier1"} []
[2021-04-26T21:04:38.992757+00:00] app.INFO: Product added: 123-456-7 {"supplier":"supplier1"} []
[2021-04-26T21:04:38.992790+00:00] app.INFO: Product added: 123-456-8 {"supplier":"supplier1"} []
[2021-04-26T21:04:40.162105+00:00] app.INFO: Product added: 999-ABC-DEF-1 {"supplier":"supplier3"} []
[2021-04-26T21:04:40.162711+00:00] app.INFO: Product added: 999-ABC-DEF-2 {"supplier":"supplier3"} []
[2021-04-26T21:04:40.162736+00:00] app.INFO: Product added: 999-ABC-DEF-3 {"supplier":"supplier3"} []
[2021-04-26T21:05:17.432794+00:00] app.INFO: Product added: 999-ABC-DEF-1 {"supplier":"supplier3"} []
[2021-04-26T21:05:17.432890+00:00] app.INFO: Product added: 999-ABC-DEF-2 {"supplier":"supplier3"} []
[2021-04-26T21:05:17.432917+00:00] app.INFO: Product added: 999-ABC-DEF-3 {"supplier":"supplier3"} []
[2021-04-26T21:11:05.317858+00:00] app.INFO: Product added: 999-ABC-DEF-1 {"supplier":"supplier3"} []
[2021-04-26T21:11:05.317954+00:00] app.INFO: Product added: 999-ABC-DEF-2 {"supplier":"supplier3"} []
[2021-04-26T21:11:05.317981+00:00] app.INFO: Product added: 999-ABC-DEF-3 {"supplier":"supplier3"} []
[2021-04-26T21:40:42.041202+00:00] app.INFO: Product added: 999-ABC-DEF-1 {"supplier":"supplier3"} []
[2021-04-26T21:40:42.041289+00:00] app.INFO: Product added: 999-ABC-DEF-2 {"supplier":"supplier3"} []
[2021-04-26T21:40:42.041313+00:00] app.INFO: Product added: 999-ABC-DEF-3 {"supplier":"supplier3"} []
[2021-04-26T21:40:46.593973+00:00] app.INFO: Product added: CC-123-456-1 {"supplier":"supplier2"} []
[2021-04-26T21:40:46.594631+00:00] app.INFO: Product added: CC-123-456-2 {"supplier":"supplier2"} []
[2021-04-26T21:40:46.594672+00:00] app.INFO: Product added: CC-123-456-3 {"supplier":"supplier2"} []
[2021-04-26T21:40:46.594721+00:00] app.INFO: Product added: CC-123-456-4 {"supplier":"supplier2"} []
[2021-04-26T21:40:46.594737+00:00] app.INFO: Product added: CC-123-456-5 {"supplier":"supplier2"} []
[2021-04-26T21:40:46.594754+00:00] app.INFO: Product added: CC-123-456-6 {"supplier":"supplier2"} []
[2021-04-26T21:40:46.594770+00:00] app.INFO: Product added: CC-123-456-7 {"supplier":"supplier2"} []
[2021-04-26T21:40:46.594786+00:00] app.INFO: Product added: CC-123-456-8 {"supplier":"supplier2"} []
[2021-04-26T21:40:47.617206+00:00] app.INFO: Product added: 123-456-1 {"supplier":"supplier1"} []
[2021-04-26T21:40:47.617796+00:00] app.INFO: Product added: 123-456-2 {"supplier":"supplier1"} []
[2021-04-26T21:40:47.617820+00:00] app.INFO: Product added: 123-456-3 {"supplier":"supplier1"} []
[2021-04-26T21:40:47.617839+00:00] app.INFO: Product added: 123-456-4 {"supplier":"supplier1"} []
[2021-04-26T21:40:47.617856+00:00] app.INFO: Product added: 123-456-5 {"supplier":"supplier1"} []
[2021-04-26T21:40:47.617872+00:00] app.INFO: Product added: 123-456-6 {"supplier":"supplier1"} []
[2021-04-26T21:40:47.617888+00:00] app.INFO: Product added: 123-456-7 {"supplier":"supplier1"} []
[2021-04-26T21:40:47.617904+00:00] app.INFO: Product added: 123-456-8 {"supplier":"supplier1"} []
